\BOOKMARK [0][-]{chapter.1}{\376\377\176\352\213\272}{}% 1
\BOOKMARK [1][-]{section.1.1}{\376\377\170\024\172\166\200\314\146\157\116\016\141\017\116\111}{chapter.1}% 2
\BOOKMARK [1][-]{section.1.2}{\376\377\170\024\172\166\163\260\162\266}{chapter.1}% 3
\BOOKMARK [1][-]{section.1.3}{\376\377\170\024\172\166\121\205\133\271\116\016\176\304\176\307\147\266\147\204}{chapter.1}% 4
\BOOKMARK [0][-]{chapter.2}{\376\377\173\046\123\367\210\150\171\072\116\016\164\006\213\272\127\372\170\100}{}% 5
\BOOKMARK [1][-]{section.2.1}{\376\377\126\376\116\016\147\000\134\017\122\162}{chapter.2}% 6
\BOOKMARK [1][-]{section.2.2}{\376\377\147\000\134\017\122\162\145\160\221\317\166\204\117\060\213\241}{chapter.2}% 7
\BOOKMARK [1][-]{section.2.3}{\376\377\116\331\116\272\143\214\126\376\210\150\171\072\154\325}{chapter.2}% 8
\BOOKMARK [1][-]{section.2.4}{\376\377\135\356\122\006\226\220\171\301}{chapter.2}% 9
\BOOKMARK [0][-]{chapter.3}{\376\377\116\331\116\272\143\214\126\376\210\150\171\072\154\325\150\007\121\306\123\026\173\227\154\325}{}% 10
\BOOKMARK [1][-]{section.3.1}{\376\377\000D\000i\000n\000i\000t\000z\116\331\116\272\143\214\126\376\210\150\171\072\154\325\173\200\217\360}{chapter.3}% 11
\BOOKMARK [1][-]{section.3.2}{\376\377\116\331\116\272\143\214\126\376\210\150\171\072\154\325\166\204\116\015\125\057\116\000\140\047}{chapter.3}% 12
\BOOKMARK [1][-]{section.3.3}{\376\377\150\007\121\306\123\026\116\331\116\272\143\214\126\376\210\150\171\072\154\325}{chapter.3}% 13
\BOOKMARK [0][-]{chapter.4}{\376\377\147\000\134\017\122\162\145\160\221\317\166\204\145\117\141\037\136\246\122\006\147\220}{}% 14
\BOOKMARK [1][-]{section.4.1}{\376\377\147\000\134\017\122\162\145\160\221\317\166\204\145\117\141\037\136\246}{chapter.4}% 15
\BOOKMARK [1][-]{section.4.2}{\376\377\176\246\147\137\147\141\116\366\116\013\166\204\145\117\141\037\136\246}{chapter.4}% 16
\BOOKMARK [1][-]{section.4.3}{\376\377\136\163\127\107\145\117\141\037\136\246}{chapter.4}% 17
\BOOKMARK [0][-]{chapter.5}{\376\377\135\356\122\006\226\220\171\301\116\013\217\321\117\074\147\000\134\017\122\162\154\102\211\343\173\227\154\325}{}% 18
\BOOKMARK [1][-]{section.5.1}{\376\377\127\372\116\216\135\356\122\006\226\220\171\301\126\376\166\204\173\227\154\325\213\276\213\241}{chapter.5}% 19
\BOOKMARK [1][-]{section.5.2}{\376\377\127\372\116\216\000k\117\030\220\011\142\351\147\072\122\066\166\204\173\227\154\325\213\276\213\241}{chapter.5}% 20
\BOOKMARK [1][-]{section.5.3}{\376\377\122\240\154\325\217\321\117\074\123\302\145\160\166\204\117\030\123\026}{chapter.5}% 21
\BOOKMARK [0][-]{chapter.6}{\376\377\140\073\176\323\116\016\134\125\147\033}{}% 22
\BOOKMARK [1][-]{section.6.1}{\376\377\135\345\117\134\140\073\176\323}{chapter.6}% 23
\BOOKMARK [1][-]{section.6.2}{\376\377\170\024\172\166\134\125\147\033}{chapter.6}% 24
\BOOKMARK [0][-]{chapter*.9}{\376\377\123\302\200\003\145\207\163\056}{}% 25
\BOOKMARK [0][-]{chapter*.10}{\376\377\201\364\000\040\214\042}{}% 26
